<?xml version="1.0" encoding="UTF-8"?>
<testng-results ignored="0" total="1" passed="1" failed="0" skipped="0">
  <reporter-output>
  </reporter-output>
  <suite started-at="2023-02-28T17:24:31 IST" name="Default suite" finished-at="2023-02-28T17:24:45 IST" duration-ms="13314">
    <groups>
    </groups>
    <test started-at="2023-02-28T17:24:31 IST" name="Default test" finished-at="2023-02-28T17:24:45 IST" duration-ms="13314">
      <class name="scrips.Testcase1">
        <test-method is-config="true" signature="openapp()[pri:0, instance:scrips.Testcase1@24fcf36f]" started-at="2023-02-28T17:24:31 IST" name="openapp" finished-at="2023-02-28T17:24:38 IST" duration-ms="6335" status="PASS">
          <reporter-output>
          </reporter-output>
        </test-method> <!-- openapp -->
        <test-method signature="tc1()[pri:0, instance:scrips.Testcase1@24fcf36f]" started-at="2023-02-28T17:24:38 IST" name="tc1" finished-at="2023-02-28T17:24:44 IST" duration-ms="6204" status="PASS">
          <reporter-output>
          </reporter-output>
        </test-method> <!-- tc1 -->
        <test-method is-config="true" signature="clossapp(org.testng.ITestResult)[pri:0, instance:scrips.Testcase1@24fcf36f]" started-at="2023-02-28T17:24:44 IST" name="clossapp" finished-at="2023-02-28T17:24:45 IST" duration-ms="735" status="PASS">
          <params>
            <param index="0">
              <value>
                <![CDATA[[TestResult name=tc1 status=SUCCESS method=Testcase1.tc1()[pri:0, instance:scrips.Testcase1@24fcf36f] output={null}]]]>
              </value>
            </param>
          </params>
          <reporter-output>
          </reporter-output>
        </test-method> <!-- clossapp -->
      </class> <!-- scrips.Testcase1 -->
    </test> <!-- Default test -->
  </suite> <!-- Default suite -->
</testng-results>
